<?xml version="1.0" encoding="UTF-8"?>
<testsuite xmlns:xsi="http://www.w3.org/2001/XMLSchema-instance" xsi:noNamespaceSchemaLocation="https://maven.apache.org/surefire/maven-surefire-plugin/xsd/surefire-test-report-3.0.xsd" version="3.0" name="cucumberOptions.TestRunner" time="17.704" tests="24" errors="0" skipped="0" failures="0">
  <properties>
    <property name="sun.desktop" value="windows"/>
    <property name="awt.toolkit" value="sun.awt.windows.WToolkit"/>
    <property name="java.specification.version" value="11"/>
    <property name="sun.cpu.isalist" value="amd64"/>
    <property name="sun.jnu.encoding" value="Cp1252"/>
    <property name="java.class.path" value="C:\Users\ratna\eclipse-workspace\cucumber\target\test-classes;C:\Users\ratna\eclipse-workspace\cucumber\target\classes;C:\Users\ratna\.m2\repository\io\cucumber\cucumber-java\7.2.3\cucumber-java-7.2.3.jar;C:\Users\ratna\.m2\repository\org\apiguardian\apiguardian-api\1.1.2\apiguardian-api-1.1.2.jar;C:\Users\ratna\.m2\repository\io\cucumber\cucumber-core\7.2.3\cucumber-core-7.2.3.jar;C:\Users\ratna\.m2\repository\io\cucumber\cucumber-gherkin\7.2.3\cucumber-gherkin-7.2.3.jar;C:\Users\ratna\.m2\repository\io\cucumber\cucumber-gherkin-messages\7.2.3\cucumber-gherkin-messages-7.2.3.jar;C:\Users\ratna\.m2\repository\io\cucumber\messages\17.1.1\messages-17.1.1.jar;C:\Users\ratna\.m2\repository\io\cucumber\tag-expressions\4.1.0\tag-expressions-4.1.0.jar;C:\Users\ratna\.m2\repository\io\cucumber\cucumber-expressions\15.0.1\cucumber-expressions-15.0.1.jar;C:\Users\ratna\.m2\repository\io\cucumber\datatable\7.2.3\datatable-7.2.3.jar;C:\Users\ratna\.m2\repository\io\cucumber\cucumber-plugin\7.2.3\cucumber-plugin-7.2.3.jar;C:\Users\ratna\.m2\repository\io\cucumber\docstring\7.2.3\docstring-7.2.3.jar;C:\Users\ratna\.m2\repository\io\cucumber\html-formatter\17.0.0\html-formatter-17.0.0.jar;C:\Users\ratna\.m2\repository\io\cucumber\ci-environment\8.1.0\ci-environment-8.1.0.jar;C:\Users\ratna\.m2\repository\io\cucumber\cucumber-junit\7.2.3\cucumber-junit-7.2.3.jar;C:\Users\ratna\.m2\repository\org\junit\jupiter\junit-jupiter-api\5.8.2\junit-jupiter-api-5.8.2.jar;C:\Users\ratna\.m2\repository\org\opentest4j\opentest4j\1.2.0\opentest4j-1.2.0.jar;C:\Users\ratna\.m2\repository\org\junit\platform\junit-platform-commons\1.8.2\junit-platform-commons-1.8.2.jar;C:\Users\ratna\.m2\repository\io\cucumber\cucumber-junit-platform-engine\7.2.3\cucumber-junit-platform-engine-7.2.3.jar;C:\Users\ratna\.m2\repository\org\junit\platform\junit-platform-engine\1.8.2\junit-platform-engine-1.8.2.jar;C:\Users\ratna\.m2\repository\io\rest-assured\rest-assured\4.5.1\rest-assured-4.5.1.jar;C:\Users\ratna\.m2\repository\org\codehaus\groovy\groovy\3.0.9\groovy-3.0.9.jar;C:\Users\ratna\.m2\repository\org\codehaus\groovy\groovy-xml\3.0.9\groovy-xml-3.0.9.jar;C:\Users\ratna\.m2\repository\org\apache\httpcomponents\httpclient\4.5.13\httpclient-4.5.13.jar;C:\Users\ratna\.m2\repository\org\apache\httpcomponents\httpcore\4.4.13\httpcore-4.4.13.jar;C:\Users\ratna\.m2\repository\commons-logging\commons-logging\1.2\commons-logging-1.2.jar;C:\Users\ratna\.m2\repository\commons-codec\commons-codec\1.11\commons-codec-1.11.jar;C:\Users\ratna\.m2\repository\org\apache\httpcomponents\httpmime\4.5.13\httpmime-4.5.13.jar;C:\Users\ratna\.m2\repository\org\hamcrest\hamcrest\2.1\hamcrest-2.1.jar;C:\Users\ratna\.m2\repository\org\ccil\cowan\tagsoup\tagsoup\1.2.1\tagsoup-1.2.1.jar;C:\Users\ratna\.m2\repository\io\rest-assured\json-path\4.5.1\json-path-4.5.1.jar;C:\Users\ratna\.m2\repository\io\rest-assured\rest-assured-common\4.5.1\rest-assured-common-4.5.1.jar;C:\Users\ratna\.m2\repository\io\rest-assured\xml-path\4.5.1\xml-path-4.5.1.jar;C:\Users\ratna\.m2\repository\io\rest-assured\rest-assured-all\4.5.1\rest-assured-all-4.5.1.jar;C:\Users\ratna\.m2\repository\org\apache\commons\commons-lang3\3.11\commons-lang3-3.11.jar;C:\Users\ratna\.m2\repository\org\codehaus\groovy\groovy-json\3.0.9\groovy-json-3.0.9.jar;C:\Users\ratna\.m2\repository\junit\junit\4.13.2\junit-4.13.2.jar;C:\Users\ratna\.m2\repository\org\hamcrest\hamcrest-core\1.3\hamcrest-core-1.3.jar;C:\Users\ratna\.m2\repository\net\masterthought\cucumber-reporting\5.6.1\cucumber-reporting-5.6.1.jar;C:\Users\ratna\.m2\repository\com\fasterxml\jackson\datatype\jackson-datatype-jsr310\2.12.1\jackson-datatype-jsr310-2.12.1.jar;C:\Users\ratna\.m2\repository\org\apache\velocity\velocity-engine-core\2.3\velocity-engine-core-2.3.jar;C:\Users\ratna\.m2\repository\org\slf4j\slf4j-api\1.7.30\slf4j-api-1.7.30.jar;C:\Users\ratna\.m2\repository\commons-collections\commons-collections\3.2.2\commons-collections-3.2.2.jar;C:\Users\ratna\.m2\repository\joda-time\joda-time\2.10.10\joda-time-2.10.10.jar;C:\Users\ratna\.m2\repository\commons-io\commons-io\2.7\commons-io-2.7.jar;C:\Users\ratna\.m2\repository\org\codehaus\plexus\plexus-utils\3.3.0\plexus-utils-3.3.0.jar;C:\Users\ratna\.m2\repository\org\jsoup\jsoup\1.14.2\jsoup-1.14.2.jar;C:\Users\ratna\.m2\repository\com\google\guava\guava\30.1.1-jre\guava-30.1.1-jre.jar;C:\Users\ratna\.m2\repository\com\google\guava\failureaccess\1.0.1\failureaccess-1.0.1.jar;C:\Users\ratna\.m2\repository\com\google\guava\listenablefuture\9999.0-empty-to-avoid-conflict-with-guava\listenablefuture-9999.0-empty-to-avoid-conflict-with-guava.jar;C:\Users\ratna\.m2\repository\com\google\code\findbugs\jsr305\3.0.2\jsr305-3.0.2.jar;C:\Users\ratna\.m2\repository\org\checkerframework\checker-qual\3.8.0\checker-qual-3.8.0.jar;C:\Users\ratna\.m2\repository\com\google\errorprone\error_prone_annotations\2.5.1\error_prone_annotations-2.5.1.jar;C:\Users\ratna\.m2\repository\com\google\j2objc\j2objc-annotations\1.3\j2objc-annotations-1.3.jar;C:\Users\ratna\.m2\repository\com\googlecode\owasp-java-html-sanitizer\owasp-java-html-sanitizer\20211018.2\owasp-java-html-sanitizer-20211018.2.jar;C:\Users\ratna\.m2\repository\commons-configuration\commons-configuration\1.10\commons-configuration-1.10.jar;C:\Users\ratna\.m2\repository\commons-lang\commons-lang\2.6\commons-lang-2.6.jar;C:\Users\ratna\.m2\repository\com\fasterxml\jackson\core\jackson-core\2.13.2\jackson-core-2.13.2.jar;C:\Users\ratna\.m2\repository\com\fasterxml\jackson\core\jackson-databind\2.13.2\jackson-databind-2.13.2.jar;C:\Users\ratna\.m2\repository\com\fasterxml\jackson\core\jackson-annotations\2.13.2\jackson-annotations-2.13.2.jar;C:\Users\ratna\.m2\repository\com\google\code\gson\gson\2.9.0\gson-2.9.0.jar;"/>
    <property name="java.vm.vendor" value="Oracle Corporation"/>
    <property name="sun.arch.data.model" value="64"/>
    <property name="user.variant" value=""/>
    <property name="java.vendor.url" value="http://java.oracle.com/"/>
    <property name="user.timezone" value="Asia/Calcutta"/>
    <property name="java.vm.specification.version" value="11"/>
    <property name="os.name" value="Windows 10"/>
    <property name="sun.java.launcher" value="SUN_STANDARD"/>
    <property name="user.country" value="IN"/>
    <property name="sun.boot.library.path" value="C:\Program Files\Java\jdk-11\bin"/>
    <property name="sun.java.command" value="C:\Users\ratna\AppData\Local\Temp\surefire1969313338146670423\surefirebooter17945944035796294348.jar C:\Users\ratna\AppData\Local\Temp\surefire1969313338146670423 2022-03-22T00-24-47_867-jvmRun1 surefire13922172787524705001tmp surefire_015081620518618225079tmp"/>
    <property name="jdk.debug" value="release"/>
    <property name="surefire.test.class.path" value="C:\Users\ratna\eclipse-workspace\cucumber\target\test-classes;C:\Users\ratna\eclipse-workspace\cucumber\target\classes;C:\Users\ratna\.m2\repository\io\cucumber\cucumber-java\7.2.3\cucumber-java-7.2.3.jar;C:\Users\ratna\.m2\repository\org\apiguardian\apiguardian-api\1.1.2\apiguardian-api-1.1.2.jar;C:\Users\ratna\.m2\repository\io\cucumber\cucumber-core\7.2.3\cucumber-core-7.2.3.jar;C:\Users\ratna\.m2\repository\io\cucumber\cucumber-gherkin\7.2.3\cucumber-gherkin-7.2.3.jar;C:\Users\ratna\.m2\repository\io\cucumber\cucumber-gherkin-messages\7.2.3\cucumber-gherkin-messages-7.2.3.jar;C:\Users\ratna\.m2\repository\io\cucumber\messages\17.1.1\messages-17.1.1.jar;C:\Users\ratna\.m2\repository\io\cucumber\tag-expressions\4.1.0\tag-expressions-4.1.0.jar;C:\Users\ratna\.m2\repository\io\cucumber\cucumber-expressions\15.0.1\cucumber-expressions-15.0.1.jar;C:\Users\ratna\.m2\repository\io\cucumber\datatable\7.2.3\datatable-7.2.3.jar;C:\Users\ratna\.m2\repository\io\cucumber\cucumber-plugin\7.2.3\cucumber-plugin-7.2.3.jar;C:\Users\ratna\.m2\repository\io\cucumber\docstring\7.2.3\docstring-7.2.3.jar;C:\Users\ratna\.m2\repository\io\cucumber\html-formatter\17.0.0\html-formatter-17.0.0.jar;C:\Users\ratna\.m2\repository\io\cucumber\ci-environment\8.1.0\ci-environment-8.1.0.jar;C:\Users\ratna\.m2\repository\io\cucumber\cucumber-junit\7.2.3\cucumber-junit-7.2.3.jar;C:\Users\ratna\.m2\repository\org\junit\jupiter\junit-jupiter-api\5.8.2\junit-jupiter-api-5.8.2.jar;C:\Users\ratna\.m2\repository\org\opentest4j\opentest4j\1.2.0\opentest4j-1.2.0.jar;C:\Users\ratna\.m2\repository\org\junit\platform\junit-platform-commons\1.8.2\junit-platform-commons-1.8.2.jar;C:\Users\ratna\.m2\repository\io\cucumber\cucumber-junit-platform-engine\7.2.3\cucumber-junit-platform-engine-7.2.3.jar;C:\Users\ratna\.m2\repository\org\junit\platform\junit-platform-engine\1.8.2\junit-platform-engine-1.8.2.jar;C:\Users\ratna\.m2\repository\io\rest-assured\rest-assured\4.5.1\rest-assured-4.5.1.jar;C:\Users\ratna\.m2\repository\org\codehaus\groovy\groovy\3.0.9\groovy-3.0.9.jar;C:\Users\ratna\.m2\repository\org\codehaus\groovy\groovy-xml\3.0.9\groovy-xml-3.0.9.jar;C:\Users\ratna\.m2\repository\org\apache\httpcomponents\httpclient\4.5.13\httpclient-4.5.13.jar;C:\Users\ratna\.m2\repository\org\apache\httpcomponents\httpcore\4.4.13\httpcore-4.4.13.jar;C:\Users\ratna\.m2\repository\commons-logging\commons-logging\1.2\commons-logging-1.2.jar;C:\Users\ratna\.m2\repository\commons-codec\commons-codec\1.11\commons-codec-1.11.jar;C:\Users\ratna\.m2\repository\org\apache\httpcomponents\httpmime\4.5.13\httpmime-4.5.13.jar;C:\Users\ratna\.m2\repository\org\hamcrest\hamcrest\2.1\hamcrest-2.1.jar;C:\Users\ratna\.m2\repository\org\ccil\cowan\tagsoup\tagsoup\1.2.1\tagsoup-1.2.1.jar;C:\Users\ratna\.m2\repository\io\rest-assured\json-path\4.5.1\json-path-4.5.1.jar;C:\Users\ratna\.m2\repository\io\rest-assured\rest-assured-common\4.5.1\rest-assured-common-4.5.1.jar;C:\Users\ratna\.m2\repository\io\rest-assured\xml-path\4.5.1\xml-path-4.5.1.jar;C:\Users\ratna\.m2\repository\io\rest-assured\rest-assured-all\4.5.1\rest-assured-all-4.5.1.jar;C:\Users\ratna\.m2\repository\org\apache\commons\commons-lang3\3.11\commons-lang3-3.11.jar;C:\Users\ratna\.m2\repository\org\codehaus\groovy\groovy-json\3.0.9\groovy-json-3.0.9.jar;C:\Users\ratna\.m2\repository\junit\junit\4.13.2\junit-4.13.2.jar;C:\Users\ratna\.m2\repository\org\hamcrest\hamcrest-core\1.3\hamcrest-core-1.3.jar;C:\Users\ratna\.m2\repository\net\masterthought\cucumber-reporting\5.6.1\cucumber-reporting-5.6.1.jar;C:\Users\ratna\.m2\repository\com\fasterxml\jackson\datatype\jackson-datatype-jsr310\2.12.1\jackson-datatype-jsr310-2.12.1.jar;C:\Users\ratna\.m2\repository\org\apache\velocity\velocity-engine-core\2.3\velocity-engine-core-2.3.jar;C:\Users\ratna\.m2\repository\org\slf4j\slf4j-api\1.7.30\slf4j-api-1.7.30.jar;C:\Users\ratna\.m2\repository\commons-collections\commons-collections\3.2.2\commons-collections-3.2.2.jar;C:\Users\ratna\.m2\repository\joda-time\joda-time\2.10.10\joda-time-2.10.10.jar;C:\Users\ratna\.m2\repository\commons-io\commons-io\2.7\commons-io-2.7.jar;C:\Users\ratna\.m2\repository\org\codehaus\plexus\plexus-utils\3.3.0\plexus-utils-3.3.0.jar;C:\Users\ratna\.m2\repository\org\jsoup\jsoup\1.14.2\jsoup-1.14.2.jar;C:\Users\ratna\.m2\repository\com\google\guava\guava\30.1.1-jre\guava-30.1.1-jre.jar;C:\Users\ratna\.m2\repository\com\google\guava\failureaccess\1.0.1\failureaccess-1.0.1.jar;C:\Users\ratna\.m2\repository\com\google\guava\listenablefuture\9999.0-empty-to-avoid-conflict-with-guava\listenablefuture-9999.0-empty-to-avoid-conflict-with-guava.jar;C:\Users\ratna\.m2\repository\com\google\code\findbugs\jsr305\3.0.2\jsr305-3.0.2.jar;C:\Users\ratna\.m2\repository\org\checkerframework\checker-qual\3.8.0\checker-qual-3.8.0.jar;C:\Users\ratna\.m2\repository\com\google\errorprone\error_prone_annotations\2.5.1\error_prone_annotations-2.5.1.jar;C:\Users\ratna\.m2\repository\com\google\j2objc\j2objc-annotations\1.3\j2objc-annotations-1.3.jar;C:\Users\ratna\.m2\repository\com\googlecode\owasp-java-html-sanitizer\owasp-java-html-sanitizer\20211018.2\owasp-java-html-sanitizer-20211018.2.jar;C:\Users\ratna\.m2\repository\commons-configuration\commons-configuration\1.10\commons-configuration-1.10.jar;C:\Users\ratna\.m2\repository\commons-lang\commons-lang\2.6\commons-lang-2.6.jar;C:\Users\ratna\.m2\repository\com\fasterxml\jackson\core\jackson-core\2.13.2\jackson-core-2.13.2.jar;C:\Users\ratna\.m2\repository\com\fasterxml\jackson\core\jackson-databind\2.13.2\jackson-databind-2.13.2.jar;C:\Users\ratna\.m2\repository\com\fasterxml\jackson\core\jackson-annotations\2.13.2\jackson-annotations-2.13.2.jar;C:\Users\ratna\.m2\repository\com\google\code\gson\gson\2.9.0\gson-2.9.0.jar;"/>
    <property name="sun.cpu.endian" value="little"/>
    <property name="user.home" value="C:\Users\ratna"/>
    <property name="user.language" value="en"/>
    <property name="java.specification.vendor" value="Oracle Corporation"/>
    <property name="java.version.date" value="2018-09-25"/>
    <property name="java.home" value="C:\Program Files\Java\jdk-11"/>
    <property name="file.separator" value="\"/>
    <property name="basedir" value="C:\Users\ratna\eclipse-workspace\cucumber"/>
    <property name="java.vm.compressedOopsMode" value="32-bit"/>
    <property name="line.separator" value="&#10;"/>
    <property name="java.specification.name" value="Java Platform API Specification"/>
    <property name="java.vm.specification.vendor" value="Oracle Corporation"/>
    <property name="java.awt.graphicsenv" value="sun.awt.Win32GraphicsEnvironment"/>
    <property name="surefire.real.class.path" value="C:\Users\ratna\AppData\Local\Temp\surefire1969313338146670423\surefirebooter17945944035796294348.jar"/>
    <property name="user.script" value=""/>
    <property name="sun.management.compiler" value="HotSpot 64-Bit Tiered Compilers"/>
    <property name="java.runtime.version" value="11+28"/>
    <property name="user.name" value="ratna"/>
    <property name="path.separator" value=";"/>
    <property name="os.version" value="10.0"/>
    <property name="java.runtime.name" value="OpenJDK Runtime Environment"/>
    <property name="file.encoding" value="Cp1252"/>
    <property name="java.vm.name" value="OpenJDK 64-Bit Server VM"/>
    <property name="java.vendor.version" value="18.9"/>
    <property name="localRepository" value="C:\Users\ratna\.m2\repository"/>
    <property name="java.vendor.url.bug" value="http://bugreport.java.com/bugreport/"/>
    <property name="java.io.tmpdir" value="C:\Users\ratna\AppData\Local\Temp\"/>
    <property name="java.version" value="11"/>
    <property name="user.dir" value="C:\Users\ratna\eclipse-workspace\cucumber"/>
    <property name="os.arch" value="amd64"/>
    <property name="java.vm.specification.name" value="Java Virtual Machine Specification"/>
    <property name="java.awt.printerjob" value="sun.awt.windows.WPrinterJob"/>
    <property name="sun.os.patch.level" value=""/>
    <property name="java.library.path" value="C:\Program Files\Java\jdk-11\bin;C:\Windows\Sun\Java\bin;C:\Windows\system32;C:\Windows;C:\Program Files\Common Files\Oracle\Java\javapath;C:\Windows\system32;C:\Windows;C:\Windows\System32\Wbem;C:\Windows\System32\WindowsPowerShell\v1.0\;C:\Windows\System32\OpenSSH\;C:\Program Files\nodejs\;C:\ProgramData\chocolatey\bin;C:\Program Files\nodejs;C:\Program Files\Java\jdk-17.0.1;C:\Program Files\MySQL\MySQL Server 8.0\bin;C:\Program Files\apache-maven-3.8.4\bin;C:\Program Files\Git\cmd;C:\Program Files\MySQL\MySQL Shell 8.0\bin\;C:\Users\ratna\AppData\Local\Microsoft\WindowsApps;C:\Users\ratna\AppData\Roaming\npm;C:\Users\ratna\AppData\Local\Programs\Microsoft VS Code\bin;C:\Program Files\nodejs;C:\Program Files\apache-maven-3.8.4\bin;C:\Program Files\Java\jdk-11\bin;;."/>
    <property name="java.vendor" value="Oracle Corporation"/>
    <property name="java.vm.info" value="mixed mode"/>
    <property name="java.vm.version" value="11+28"/>
    <property name="sun.io.unicode.encoding" value="UnicodeLittle"/>
    <property name="java.class.version" value="55.0"/>
  </properties>
  <testcase name="Add Place Payload with &quot;House&quot; ,&quot;English&quot; and &quot;Uttrakhand dehradun&quot;" classname="Verify if place is successfully added in AddPlace API #1" time="1.823">
    <system-out><![CDATA[
@AddPlace
Scenario Outline: Verify if place is successfully added in AddPlace API     # src/test/java/features/Login.feature:15
]]></system-out>
  </testcase>
  <testcase name="User calls &quot;addPlaceAPI&quot; with &quot;get&quot; http request" classname="Verify if place is successfully added in AddPlace API #1" time="1.602">
    <system-out><![CDATA[  Given Add Place Payload with "House" ,"English" and "Uttrakhand dehradun" # stepDefintion.StepDefinition.add_place_payload_with_and(java.lang.String,java.lang.String,java.lang.String)
]]></system-out>
  </testcase>
  <testcase name="API Response is generated successfully with status code 200" classname="Verify if place is successfully added in AddPlace API #1" time="0.022">
    <system-out><![CDATA[  When User calls "addPlaceAPI" with "get" http request                     # stepDefintion.StepDefinition.user_calls_with_http_request(java.lang.String,java.lang.String)
]]></system-out>
  </testcase>
  <testcase name="&quot;scope&quot; in response body is &quot;APP&quot;" classname="Verify if place is successfully added in AddPlace API #1" time="0.662">
    <system-out><![CDATA[  Then API Response is generated successfully with status code 200          # stepDefintion.StepDefinition.api_response_is_generated_successfully_with_status_code(int)
]]></system-out>
  </testcase>
  <testcase name="&quot;status&quot; in response body is &quot;OK&quot;" classname="Verify if place is successfully added in AddPlace API #1" time="0.018">
    <system-out><![CDATA[  And "scope" in response body is "APP"                                     # stepDefintion.StepDefinition.in_response_body_is(java.lang.String,java.lang.String)
]]></system-out>
  </testcase>
  <testcase name="verify place_Id created maps to &quot;House&quot; using &quot;getPlaceAPI&quot;" classname="Verify if place is successfully added in AddPlace API #1" time="2.897">
    <system-out><![CDATA[  And "status" in response body is "OK"                                     # stepDefintion.StepDefinition.in_response_body_is(java.lang.String,java.lang.String)
]]></system-out>
  </testcase>
  <testcase name="Add Place Payload with &quot;Mouse&quot; ,&quot;Hindi&quot; and &quot;S23 Japan&quot;" classname="Verify if place is successfully added in AddPlace API #2" time="0.006">
    <system-out><![CDATA[  And verify place_Id created maps to "House" using "getPlaceAPI"           # stepDefintion.StepDefinition.verify_place_id_created_maps_to_using(java.lang.String,java.lang.String)

@AddPlace
Scenario Outline: Verify if place is successfully added in AddPlace API # src/test/java/features/Login.feature:16
]]></system-out>
  </testcase>
  <testcase name="User calls &quot;addPlaceAPI&quot; with &quot;get&quot; http request" classname="Verify if place is successfully added in AddPlace API #2" time="0.254">
    <system-out><![CDATA[  Given Add Place Payload with "Mouse" ,"Hindi" and "S23 Japan"         # stepDefintion.StepDefinition.add_place_payload_with_and(java.lang.String,java.lang.String,java.lang.String)
]]></system-out>
  </testcase>
  <testcase name="API Response is generated successfully with status code 200" classname="Verify if place is successfully added in AddPlace API #2" time="0.001">
    <system-out><![CDATA[  When User calls "addPlaceAPI" with "get" http request                 # stepDefintion.StepDefinition.user_calls_with_http_request(java.lang.String,java.lang.String)
]]></system-out>
  </testcase>
  <testcase name="&quot;scope&quot; in response body is &quot;APP&quot;" classname="Verify if place is successfully added in AddPlace API #2" time="0.014">
    <system-out><![CDATA[  Then API Response is generated successfully with status code 200      # stepDefintion.StepDefinition.api_response_is_generated_successfully_with_status_code(int)
]]></system-out>
  </testcase>
  <testcase name="&quot;status&quot; in response body is &quot;OK&quot;" classname="Verify if place is successfully added in AddPlace API #2" time="0.014">
    <system-out><![CDATA[  And "scope" in response body is "APP"                                 # stepDefintion.StepDefinition.in_response_body_is(java.lang.String,java.lang.String)
]]></system-out>
  </testcase>
  <testcase name="verify place_Id created maps to &quot;Mouse&quot; using &quot;getPlaceAPI&quot;" classname="Verify if place is successfully added in AddPlace API #2" time="2.652">
    <system-out><![CDATA[  And "status" in response body is "OK"                                 # stepDefintion.StepDefinition.in_response_body_is(java.lang.String,java.lang.String)
]]></system-out>
  </testcase>
  <testcase name="Add Place Payload with &quot;Maker&quot; ,&quot;French&quot; and &quot;B-101 A/2 Netherland&quot;" classname="Verify if place is successfully added in AddPlace API #3" time="0.006">
    <system-out><![CDATA[  And verify place_Id created maps to "Mouse" using "getPlaceAPI"       # stepDefintion.StepDefinition.verify_place_id_created_maps_to_using(java.lang.String,java.lang.String)

@AddPlace
Scenario Outline: Verify if place is successfully added in AddPlace API     # src/test/java/features/Login.feature:17
]]></system-out>
  </testcase>
  <testcase name="User calls &quot;addPlaceAPI&quot; with &quot;get&quot; http request" classname="Verify if place is successfully added in AddPlace API #3" time="1.587">
    <system-out><![CDATA[  Given Add Place Payload with "Maker" ,"French" and "B-101 A/2 Netherland" # stepDefintion.StepDefinition.add_place_payload_with_and(java.lang.String,java.lang.String,java.lang.String)
]]></system-out>
  </testcase>
  <testcase name="API Response is generated successfully with status code 200" classname="Verify if place is successfully added in AddPlace API #3" time="0">
    <system-out><![CDATA[  When User calls "addPlaceAPI" with "get" http request                     # stepDefintion.StepDefinition.user_calls_with_http_request(java.lang.String,java.lang.String)
]]></system-out>
  </testcase>
  <testcase name="&quot;scope&quot; in response body is &quot;APP&quot;" classname="Verify if place is successfully added in AddPlace API #3" time="0.017">
    <system-out><![CDATA[  Then API Response is generated successfully with status code 200          # stepDefintion.StepDefinition.api_response_is_generated_successfully_with_status_code(int)
]]></system-out>
  </testcase>
  <testcase name="&quot;status&quot; in response body is &quot;OK&quot;" classname="Verify if place is successfully added in AddPlace API #3" time="0.014">
    <system-out><![CDATA[  And "scope" in response body is "APP"                                     # stepDefintion.StepDefinition.in_response_body_is(java.lang.String,java.lang.String)
]]></system-out>
  </testcase>
  <testcase name="verify place_Id created maps to &quot;Maker&quot; using &quot;getPlaceAPI&quot;" classname="Verify if place is successfully added in AddPlace API #3" time="2.766">
    <system-out><![CDATA[  And "status" in response body is "OK"                                     # stepDefintion.StepDefinition.in_response_body_is(java.lang.String,java.lang.String)
]]></system-out>
  </testcase>
  <testcase name="Add Place Payload with &quot;Madam&quot; ,&quot;Russian&quot; and &quot;@23 (67) Austraila&quot;" classname="Verify if place is successfully added in AddPlace API #4" time="0.006">
    <system-out><![CDATA[  And verify place_Id created maps to "Maker" using "getPlaceAPI"           # stepDefintion.StepDefinition.verify_place_id_created_maps_to_using(java.lang.String,java.lang.String)

@AddPlace
Scenario Outline: Verify if place is successfully added in AddPlace API    # src/test/java/features/Login.feature:18
]]></system-out>
  </testcase>
  <testcase name="User calls &quot;addPlaceAPI&quot; with &quot;get&quot; http request" classname="Verify if place is successfully added in AddPlace API #4" time="0.218">
    <system-out><![CDATA[  Given Add Place Payload with "Madam" ,"Russian" and "@23 (67) Austraila" # stepDefintion.StepDefinition.add_place_payload_with_and(java.lang.String,java.lang.String,java.lang.String)
]]></system-out>
  </testcase>
  <testcase name="API Response is generated successfully with status code 200" classname="Verify if place is successfully added in AddPlace API #4" time="0.001">
    <system-out><![CDATA[  When User calls "addPlaceAPI" with "get" http request                    # stepDefintion.StepDefinition.user_calls_with_http_request(java.lang.String,java.lang.String)
]]></system-out>
  </testcase>
  <testcase name="&quot;scope&quot; in response body is &quot;APP&quot;" classname="Verify if place is successfully added in AddPlace API #4" time="0.022">
    <system-out><![CDATA[  Then API Response is generated successfully with status code 200         # stepDefintion.StepDefinition.api_response_is_generated_successfully_with_status_code(int)
]]></system-out>
  </testcase>
  <testcase name="&quot;status&quot; in response body is &quot;OK&quot;" classname="Verify if place is successfully added in AddPlace API #4" time="0.023">
    <system-out><![CDATA[  And "scope" in response body is "APP"                                    # stepDefintion.StepDefinition.in_response_body_is(java.lang.String,java.lang.String)
]]></system-out>
  </testcase>
  <testcase name="verify place_Id created maps to &quot;Madam&quot; using &quot;getPlaceAPI&quot;" classname="Verify if place is successfully added in AddPlace API #4" time="2.509">
    <system-out><![CDATA[  And "status" in response body is "OK"                                    # stepDefintion.StepDefinition.in_response_body_is(java.lang.String,java.lang.String)
]]></system-out>
  </testcase>
</testsuite>